[INFO  - 2016-07-13T08:10:59.705Z] GhostDriver - Main - running on port 38082
[INFO  - 2016-07-13T08:11:00.608Z] Session [55ca39e0-48d1-11e6-9069-454f006eeb82] - page.settings - {"XSSAuditingEnabled":false,"dpi":72,"javascriptCanCloseWindows":true,"javascriptCanOpenWindows":true,"javascriptEnabled":true,"loadImages":false,"localToRemoteUrlAccessEnabled":false,"userAgent":"Mozilla/5.0 (Windows NT 6.1; WOW64; rv:40.0) Gecko/20100101 Firefox/40.1","webSecurityEnabled":false}
[INFO  - 2016-07-13T08:11:00.608Z] Session [55ca39e0-48d1-11e6-9069-454f006eeb82] - page.customHeaders:  - {}
[INFO  - 2016-07-13T08:11:00.608Z] Session [55ca39e0-48d1-11e6-9069-454f006eeb82] - Session.negotiatedCapabilities - {"browserName":"phantomjs","version":"2.2.0","driverName":"ghostdriver","driverVersion":"1.2.0","platform":"linux-unknown-64bit","javascriptEnabled":true,"takesScreenshot":true,"handlesAlerts":false,"databaseEnabled":false,"locationContextEnabled":false,"applicationCacheEnabled":false,"browserConnectionEnabled":false,"cssSelectorsEnabled":true,"webStorageEnabled":false,"rotatable":false,"acceptSslCerts":false,"nativeEvents":true,"proxy":{"proxyType":"direct"},"phantomjs.page.settings.userAgent":"Mozilla/5.0 (Windows NT 6.1; WOW64; rv:40.0) Gecko/20100101 Firefox/40.1","phantomjs.page.settings.webSecurityEnabled":false,"phantomjs.page.settings.loadImages":false}
[INFO  - 2016-07-13T08:11:00.608Z] SessionManagerReqHand - _postNewSessionCommand - New Session Created: 55ca39e0-48d1-11e6-9069-454f006eeb82
[ERROR - 2016-07-13T08:11:07.292Z] WebElementLocator - _handleLocateCommand - Element(s) NOT Found: GAVE UP. Search Stop Time: 1468397467279

  phantomjs://platform/console++.js:263 in error
[ERROR - 2016-07-13T08:11:08.077Z] WebElementLocator - _handleLocateCommand - Element(s) NOT Found: GAVE UP. Search Stop Time: 1468397468068

  phantomjs://platform/console++.js:263 in error
[ERROR - 2016-07-13T08:11:08.860Z] WebElementLocator - _handleLocateCommand - Element(s) NOT Found: GAVE UP. Search Stop Time: 1468397468851

  phantomjs://platform/console++.js:263 in error
[ERROR - 2016-07-13T08:11:11.813Z] WebElementLocator - _handleLocateCommand - Element(s) NOT Found: GAVE UP. Search Stop Time: 1468397471803

  phantomjs://platform/console++.js:263 in error
[ERROR - 2016-07-13T08:11:14.706Z] WebElementLocator - _handleLocateCommand - Element(s) NOT Found: GAVE UP. Search Stop Time: 1468397474690

  phantomjs://platform/console++.js:263 in error
[ERROR - 2016-07-13T08:11:17.490Z] WebElementLocator - _handleLocateCommand - Element(s) NOT Found: GAVE UP. Search Stop Time: 1468397477483

  phantomjs://platform/console++.js:263 in error
[ERROR - 2016-07-13T08:11:21.835Z] WebElementLocator - _handleLocateCommand - Element(s) NOT Found: GAVE UP. Search Stop Time: 1468397481826

  phantomjs://platform/console++.js:263 in error
[ERROR - 2016-07-13T08:11:24.024Z] WebElementLocator - _handleLocateCommand - Element(s) NOT Found: GAVE UP. Search Stop Time: 1468397484017

  phantomjs://platform/console++.js:263 in error
[ERROR - 2016-07-13T08:11:28.158Z] WebElementLocator - _handleLocateCommand - Element(s) NOT Found: GAVE UP. Search Stop Time: 1468397488151

  phantomjs://platform/console++.js:263 in error
[ERROR - 2016-07-13T08:11:30.219Z] WebElementLocator - _handleLocateCommand - Element(s) NOT Found: GAVE UP. Search Stop Time: 1468397490211

  phantomjs://platform/console++.js:263 in error
[ERROR - 2016-07-13T08:11:34.495Z] WebElementLocator - _handleLocateCommand - Element(s) NOT Found: GAVE UP. Search Stop Time: 1468397494482

  phantomjs://platform/console++.js:263 in error
[ERROR - 2016-07-13T08:11:37.622Z] WebElementLocator - _handleLocateCommand - Element(s) NOT Found: GAVE UP. Search Stop Time: 1468397497614

  phantomjs://platform/console++.js:263 in error
